TN:
SF:src\api\addresses.ts
FN:11,(anonymous_0)
FN:19,(anonymous_1)
FN:27,(anonymous_2)
FNF:3
FNH:3
FNDA:4,(anonymous_0)
FNDA:3,(anonymous_1)
FNDA:4,(anonymous_2)
DA:7,1
DA:12,4
DA:13,3
DA:20,3
DA:21,2
DA:28,4
LF:6
LH:6
BRF:0
BRH:0
end_of_record
TN:
SF:src\api\auth.ts
FN:19,(anonymous_0)
FN:27,(anonymous_1)
FN:38,(anonymous_2)
FN:49,(anonymous_3)
FN:57,(anonymous_4)
FN:64,(anonymous_5)
FN:71,(anonymous_6)
FNF:7
FNH:7
FNDA:4,(anonymous_0)
FNDA:3,(anonymous_1)
FNDA:2,(anonymous_2)
FNDA:3,(anonymous_3)
FNDA:2,(anonymous_4)
FNDA:2,(anonymous_5)
FNDA:3,(anonymous_6)
DA:15,1
DA:20,4
DA:21,2
DA:28,3
DA:32,2
DA:39,2
DA:43,2
DA:50,3
DA:51,2
DA:58,2
DA:65,2
DA:72,3
LF:12
LH:12
BRF:0
BRH:0
end_of_record
TN:
SF:src\api\bookings.ts
FN:17,(anonymous_0)
FN:33,(anonymous_1)
FN:42,(anonymous_2)
FN:59,(anonymous_3)
FN:68,(anonymous_4)
FNF:5
FNH:5
FNDA:4,(anonymous_0)
FNDA:3,(anonymous_1)
FNDA:5,(anonymous_2)
FNDA:3,(anonymous_3)
FNDA:8,(anonymous_4)
DA:13,1
DA:18,4
DA:19,4
DA:20,4
DA:21,4
DA:22,2
DA:23,2
DA:25,2
DA:26,2
DA:34,3
DA:35,2
DA:43,5
DA:44,5
DA:45,5
DA:48,4
DA:49,4
DA:51,1
DA:52,1
DA:60,3
DA:72,8
DA:75,6
LF:21
LH:21
BRF:0
BRH:0
end_of_record
TN:
SF:src\api\branches.ts
FN:15,(anonymous_0)
FN:25,(anonymous_1)
FN:38,(anonymous_2)
FN:53,(anonymous_3)
FN:69,(anonymous_4)
FN:77,(anonymous_5)
FNF:6
FNH:6
FNDA:3,(anonymous_0)
FNDA:3,(anonymous_1)
FNDA:3,(anonymous_2)
FNDA:2,(anonymous_3)
FNDA:3,(anonymous_4)
FNDA:3,(anonymous_5)
DA:8,1
DA:10,1
DA:16,3
DA:19,2
DA:29,3
DA:32,3
DA:43,3
DA:47,2
DA:55,2
DA:56,2
DA:57,2
DA:59,2
DA:63,2
DA:70,3
DA:71,2
DA:78,3
LF:16
LH:16
BRF:0
BRH:0
end_of_record
TN:
SF:src\api\client.ts
FN:20,(anonymous_0)
FN:31,(anonymous_1)
FN:36,(anonymous_2)
FN:37,(anonymous_3)
FN:53,hasValidToken
FN:63,saveAuthData
FN:83,clearAuthData
FN:97,getStoredAuthData
FNF:8
FNH:4
FNDA:0,(anonymous_0)
FNDA:0,(anonymous_1)
FNDA:0,(anonymous_2)
FNDA:0,(anonymous_3)
FNDA:4,hasValidToken
FNDA:14,saveAuthData
FNDA:8,clearAuthData
FNDA:8,getStoredAuthData
DA:10,2
DA:19,2
DA:21,0
DA:22,0
DA:23,0
DA:24,0
DA:29,0
DA:31,0
DA:35,2
DA:36,0
DA:38,0
DA:40,0
DA:41,0
DA:42,0
DA:48,0
DA:54,4
DA:55,4
DA:56,3
DA:58,1
DA:67,14
DA:68,14
DA:69,13
DA:75,1
DA:76,0
DA:77,0
DA:84,8
DA:85,8
DA:86,7
DA:89,1
DA:90,0
DA:91,0
DA:101,8
DA:102,8
DA:103,6
DA:104,6
DA:105,6
DA:108,2
DA:109,0
DA:110,0
DA:111,0
DA:112,0
DA:114,2
LF:42
LH:22
BRDA:23,0,0,0
BRDA:23,0,1,0
BRDA:38,1,0,0
BRDA:38,1,1,0
BRDA:75,2,0,0
BRDA:75,2,1,1
BRDA:89,3,0,0
BRDA:89,3,1,1
BRDA:104,4,0,4
BRDA:104,4,1,2
BRDA:108,5,0,0
BRDA:108,5,1,2
BRDA:111,6,0,0
BRDA:111,6,1,0
BRF:14
BRH:5
end_of_record
TN:
SF:src\api\favorites.ts
FN:12,(anonymous_0)
FN:23,(anonymous_1)
FN:32,(anonymous_2)
FNF:3
FNH:3
FNDA:4,(anonymous_0)
FNDA:4,(anonymous_1)
FNDA:3,(anonymous_2)
DA:7,1
DA:13,4
DA:16,2
DA:24,4
DA:25,3
DA:33,3
LF:6
LH:6
BRF:0
BRH:0
end_of_record
TN:
SF:src\api\notifications.ts
FN:15,(anonymous_0)
FN:26,(anonymous_1)
FNF:2
FNH:2
FNDA:5,(anonymous_0)
FNDA:4,(anonymous_1)
DA:11,1
DA:16,5
DA:20,4
DA:27,4
DA:30,2
LF:5
LH:5
BRF:0
BRH:0
end_of_record
TN:
SF:src\api\reviews.ts
FN:17,(anonymous_0)
FN:25,(anonymous_1)
FNF:2
FNH:2
FNDA:5,(anonymous_0)
FNDA:5,(anonymous_1)
DA:12,1
DA:18,5
DA:19,2
DA:29,5
DA:33,4
LF:5
LH:5
BRF:0
BRH:0
end_of_record
TN:
SF:src\api\services.ts
FN:11,(anonymous_0)
FN:19,(anonymous_1)
FN:27,(anonymous_2)
FNF:3
FNH:3
FNDA:4,(anonymous_0)
FNDA:3,(anonymous_1)
FNDA:4,(anonymous_2)
DA:7,1
DA:12,4
DA:13,3
DA:20,3
DA:21,2
DA:28,4
DA:29,2
LF:7
LH:7
BRF:0
BRH:0
end_of_record
TN:
SF:src\api\users.ts
FN:11,(anonymous_0)
FN:19,(anonymous_1)
FN:27,(anonymous_2)
FNF:3
FNH:3
FNDA:4,(anonymous_0)
FNDA:4,(anonymous_1)
FNDA:4,(anonymous_2)
DA:7,1
DA:12,4
DA:13,2
DA:20,4
DA:21,2
DA:28,4
LF:6
LH:6
BRF:0
BRH:0
end_of_record
TN:
SF:src\hooks\use-enriched-bookings.ts
FN:15,useEnrichedBookings
FN:19,(anonymous_1)
FN:25,(anonymous_2)
FN:25,(anonymous_3)
FN:31,(anonymous_4)
FN:31,(anonymous_5)
FN:37,(anonymous_6)
FN:39,(anonymous_7)
FN:46,(anonymous_8)
FN:48,(anonymous_9)
FN:50,(anonymous_10)
FN:58,(anonymous_11)
FN:59,(anonymous_12)
FN:67,(anonymous_13)
FNF:14
FNH:0
FNDA:0,useEnrichedBookings
FNDA:0,(anonymous_1)
FNDA:0,(anonymous_2)
FNDA:0,(anonymous_3)
FNDA:0,(anonymous_4)
FNDA:0,(anonymous_5)
FNDA:0,(anonymous_6)
FNDA:0,(anonymous_7)
FNDA:0,(anonymous_8)
FNDA:0,(anonymous_9)
FNDA:0,(anonymous_10)
FNDA:0,(anonymous_11)
FNDA:0,(anonymous_12)
FNDA:0,(anonymous_13)
DA:17,0
DA:19,0
DA:24,0
DA:25,0
DA:30,0
DA:31,0
DA:36,0
DA:37,0
DA:39,0
DA:46,0
DA:47,0
DA:48,0
DA:49,0
DA:50,0
DA:53,0
DA:57,0
DA:59,0
DA:67,0
DA:69,0
LF:19
LH:0
BRDA:17,0,0,0
BRDA:31,1,0,0
BRDA:31,1,1,0
BRDA:49,2,0,0
BRDA:49,2,1,0
BRDA:59,3,0,0
BRDA:59,3,1,0
BRDA:67,4,0,0
BRDA:67,4,1,0
BRF:9
BRH:0
end_of_record
TN:
SF:src\hooks\use-location.ts
FN:32,(anonymous_0)
FN:35,(anonymous_1)
FN:36,(anonymous_2)
FN:45,useLocation
FN:54,(anonymous_4)
FN:55,(anonymous_5)
FN:60,(anonymous_6)
FN:63,(anonymous_7)
FN:108,(anonymous_8)
FN:117,(anonymous_9)
FNF:10
FNH:0
FNDA:0,(anonymous_0)
FNDA:0,(anonymous_1)
FNDA:0,(anonymous_2)
FNDA:0,useLocation
FNDA:0,(anonymous_4)
FNDA:0,(anonymous_5)
FNDA:0,(anonymous_6)
FNDA:0,(anonymous_7)
FNDA:0,(anonymous_8)
FNDA:0,(anonymous_9)
DA:8,0
DA:11,0
DA:16,0
DA:32,0
DA:33,0
DA:36,0
DA:46,0
DA:54,0
DA:55,0
DA:57,0
DA:59,0
DA:60,0
DA:62,0
DA:63,0
DA:69,0
DA:73,0
DA:80,0
DA:86,0
DA:87,0
DA:88,0
DA:89,0
DA:90,0
DA:91,0
DA:92,0
DA:97,0
DA:100,0
DA:108,0
DA:117,0
DA:118,0
DA:122,0
LF:30
LH:0
BRDA:62,0,0,0
BRDA:62,0,1,0
BRDA:89,1,0,0
BRDA:89,1,1,0
BRDA:90,2,0,0
BRDA:90,2,1,0
BRDA:91,3,0,0
BRDA:91,3,1,0
BRDA:93,4,0,0
BRDA:93,4,1,0
BRDA:93,5,0,0
BRDA:93,5,1,0
BRDA:93,6,0,0
BRDA:93,6,1,0
BRDA:93,6,2,0
BRDA:111,7,0,0
BRDA:111,7,1,0
BRDA:126,8,0,0
BRDA:126,8,1,0
BRF:19
BRH:0
end_of_record
TN:
SF:src\stores\app-store.ts
FN:23,(anonymous_0)
FN:30,(anonymous_1)
FN:40,(anonymous_2)
FN:53,(anonymous_3)
FN:72,(anonymous_4)
FN:72,(anonymous_5)
FN:73,(anonymous_6)
FN:74,(anonymous_7)
FNF:8
FNH:4
FNDA:1,(anonymous_0)
FNDA:5,(anonymous_1)
FNDA:5,(anonymous_2)
FNDA:6,(anonymous_3)
FNDA:0,(anonymous_4)
FNDA:0,(anonymous_5)
FNDA:0,(anonymous_6)
FNDA:0,(anonymous_7)
DA:23,1
DA:31,5
DA:32,5
DA:36,5
DA:41,5
DA:42,5
DA:49,5
DA:54,6
DA:55,6
DA:60,5
DA:66,1
DA:72,1
DA:73,1
DA:74,0
LF:14
LH:13
BRDA:61,0,0,5
BRDA:61,0,1,3
BRF:2
BRH:2
end_of_record
TN:
SF:src\stores\auth-store.ts
FN:25,(anonymous_0)
FN:33,(anonymous_1)
FN:44,(anonymous_2)
FN:60,(anonymous_3)
FN:65,(anonymous_4)
FN:70,(anonymous_5)
FN:90,(anonymous_6)
FN:90,(anonymous_7)
FN:91,(anonymous_8)
FN:92,(anonymous_9)
FN:93,(anonymous_10)
FN:94,(anonymous_11)
FNF:12
FNH:6
FNDA:1,(anonymous_0)
FNDA:12,(anonymous_1)
FNDA:6,(anonymous_2)
FNDA:2,(anonymous_3)
FNDA:2,(anonymous_4)
FNDA:4,(anonymous_5)
FNDA:0,(anonymous_6)
FNDA:0,(anonymous_7)
FNDA:0,(anonymous_8)
FNDA:0,(anonymous_9)
FNDA:0,(anonymous_10)
FNDA:0,(anonymous_11)
DA:25,1
DA:34,12
DA:35,12
DA:45,6
DA:46,6
DA:50,6
DA:51,6
DA:61,2
DA:66,2
DA:71,4
DA:72,4
DA:73,4
DA:74,2
DA:81,2
DA:84,0
DA:90,1
DA:91,1
DA:92,0
DA:93,1
DA:94,0
LF:20
LH:17
BRDA:73,0,0,2
BRDA:73,0,1,2
BRDA:73,1,0,4
BRDA:73,1,1,2
BRDA:94,2,0,0
BRDA:94,2,1,0
BRF:6
BRH:4
end_of_record
TN:
SF:src\stores\cart-store.ts
FN:31,(anonymous_0)
FN:43,(anonymous_1)
FN:55,(anonymous_2)
FN:57,(anonymous_3)
FN:62,(anonymous_4)
FN:77,(anonymous_5)
FN:78,(anonymous_6)
FN:79,(anonymous_7)
FN:84,(anonymous_8)
FN:90,(anonymous_9)
FN:91,(anonymous_10)
FN:98,(anonymous_11)
FN:109,(anonymous_12)
FN:114,(anonymous_13)
FN:119,(anonymous_14)
FN:124,(anonymous_15)
FN:139,(anonymous_16)
FN:139,(anonymous_17)
FN:141,(anonymous_18)
FN:142,(anonymous_19)
FN:143,(anonymous_20)
FN:146,(anonymous_21)
FN:147,(anonymous_22)
FN:148,(anonymous_23)
FN:151,(anonymous_24)
FN:152,(anonymous_25)
FN:153,(anonymous_26)
FN:156,(anonymous_27)
FN:157,(anonymous_28)
FN:159,(anonymous_29)
FN:165,(anonymous_30)
FN:166,(anonymous_31)
FN:168,(anonymous_32)
FNF:33
FNH:16
FNDA:1,(anonymous_0)
FNDA:25,(anonymous_1)
FNDA:25,(anonymous_2)
FNDA:7,(anonymous_3)
FNDA:1,(anonymous_4)
FNDA:4,(anonymous_5)
FNDA:4,(anonymous_6)
FNDA:5,(anonymous_7)
FNDA:7,(anonymous_8)
FNDA:5,(anonymous_9)
FNDA:8,(anonymous_10)
FNDA:7,(anonymous_11)
FNDA:5,(anonymous_12)
FNDA:2,(anonymous_13)
FNDA:10,(anonymous_14)
FNDA:29,(anonymous_15)
FNDA:0,(anonymous_16)
FNDA:0,(anonymous_17)
FNDA:0,(anonymous_18)
FNDA:0,(anonymous_19)
FNDA:0,(anonymous_20)
FNDA:0,(anonymous_21)
FNDA:0,(anonymous_22)
FNDA:0,(anonymous_23)
FNDA:0,(anonymous_24)
FNDA:0,(anonymous_25)
FNDA:0,(anonymous_26)
FNDA:0,(anonymous_27)
FNDA:0,(anonymous_28)
FNDA:0,(anonymous_29)
FNDA:0,(anonymous_30)
FNDA:0,(anonymous_31)
FNDA:0,(anonymous_32)
DA:31,1
DA:45,25
DA:55,25
DA:56,25
DA:57,7
DA:60,25
DA:61,1
DA:63,1
DA:70,24
DA:78,4
DA:79,5
DA:85,7
DA:86,2
DA:87,2
DA:90,5
DA:92,8
DA:99,7
DA:101,7
DA:102,1
DA:104,6
DA:110,5
DA:115,2
DA:120,10
DA:125,29
DA:139,1
DA:141,1
DA:142,0
DA:143,0
DA:146,1
DA:147,0
DA:148,0
DA:151,1
DA:152,0
DA:153,0
DA:156,1
DA:157,0
DA:158,0
DA:159,0
DA:162,0
DA:165,1
DA:166,0
DA:167,0
DA:168,0
DA:171,0
DA:172,0
DA:176,1
DA:177,1
LF:47
LH:32
BRDA:60,0,0,1
BRDA:60,0,1,24
BRDA:63,1,0,1
BRDA:63,1,1,0
BRDA:85,2,0,2
BRDA:85,2,1,5
BRDA:92,3,0,5
BRDA:92,3,1,3
BRDA:101,4,0,1
BRDA:101,4,1,6
BRDA:101,5,0,7
BRDA:101,5,1,2
BRF:12
BRH:11
end_of_record
TN:
SF:src\utils\card-validators.ts
FN:10,formatCardNumber
FN:20,formatExpiry
FN:31,validateCardNumber
FN:39,validateExpiry
FN:50,validateCvv
FN:57,getCardType
FNF:6
FNH:6
FNDA:6,formatCardNumber
FNDA:6,formatExpiry
FNDA:7,validateCardNumber
FNDA:10,validateExpiry
FNDA:9,validateCvv
FNDA:9,getCardType
DA:11,6
DA:12,6
DA:13,6
DA:21,6
DA:22,6
DA:23,4
DA:25,2
DA:32,7
DA:33,7
DA:40,10
DA:41,10
DA:42,6
DA:43,6
DA:44,6
DA:51,9
DA:58,9
DA:59,9
DA:60,7
DA:61,5
DA:62,3
LF:20
LH:20
BRDA:13,0,0,5
BRDA:13,0,1,1
BRDA:22,1,0,4
BRDA:22,1,1,2
BRDA:33,2,0,7
BRDA:33,2,1,3
BRDA:41,3,0,4
BRDA:41,3,1,6
BRDA:44,4,0,6
BRDA:44,4,1,5
BRDA:44,4,2,4
BRDA:51,5,0,9
BRDA:51,5,1,6
BRDA:51,5,2,5
BRDA:59,6,0,2
BRDA:59,6,1,7
BRDA:60,7,0,2
BRDA:60,7,1,5
BRDA:61,8,0,2
BRDA:61,8,1,3
BRDA:61,9,0,5
BRDA:61,9,1,4
BRF:22
BRH:22
end_of_record
TN:
SF:src\utils\formatters.ts
FN:10,formatPrice
FN:20,formatDuration
FN:31,formatDateShort
FN:39,formatDateLong
FN:49,formatTime
FNF:5
FNH:5
FNDA:8,formatPrice
FNDA:13,formatDuration
FNDA:4,formatDateShort
FNDA:7,formatDateLong
FNDA:4,formatTime
DA:11,8
DA:21,13
DA:22,7
DA:23,7
DA:24,7
DA:32,4
DA:40,7
DA:41,7
DA:42,7
DA:50,4
LF:10
LH:10
BRDA:21,0,0,6
BRDA:21,0,1,7
BRDA:24,1,0,4
BRDA:24,1,1,3
BRF:4
BRH:4
end_of_record
TN:
SF:src\utils\haptics.ts
FN:11,lightHaptic
FN:23,mediumHaptic
FN:35,heavyHaptic
FN:47,successHaptic
FN:59,warningHaptic
FN:71,errorHaptic
FN:83,selectionHaptic
FNF:7
FNH:7
FNDA:6,lightHaptic
FNDA:4,mediumHaptic
FNDA:4,heavyHaptic
FNDA:4,successHaptic
FNDA:4,warningHaptic
FNDA:4,errorHaptic
FNDA:4,selectionHaptic
DA:12,6
DA:13,4
DA:14,4
DA:24,4
DA:25,2
DA:26,2
DA:36,4
DA:37,2
DA:38,2
DA:48,4
DA:49,2
DA:50,2
DA:60,4
DA:61,2
DA:62,2
DA:72,4
DA:73,2
DA:74,2
DA:84,4
DA:85,2
DA:86,2
LF:21
LH:21
BRDA:12,0,0,2
BRDA:12,0,1,4
BRDA:24,1,0,2
BRDA:24,1,1,2
BRDA:36,2,0,2
BRDA:36,2,1,2
BRDA:48,3,0,2
BRDA:48,3,1,2
BRDA:60,4,0,2
BRDA:60,4,1,2
BRDA:72,5,0,2
BRDA:72,5,1,2
BRDA:84,6,0,2
BRDA:84,6,1,2
BRF:14
BRH:14
end_of_record
